Arguments: 
  C:\Program Files\nodejs\node.exe C:\Program Files (x86)\Yarn\bin\yarn.js start

PATH: 
  C:\Users\Sync\bin;C:\Program Files\Git\mingw64\bin;C:\Program Files\Git\usr\local\bin;C:\Program Files\Git\usr\bin;C:\Program Files\Git\usr\bin;C:\Program Files\Git\mingw64\bin;C:\Program Files\Git\usr\bin;C:\Users\Sync\bin;C:\Windows\system32;C:\Windows;C:\Windows\System32\Wbem;C:\Windows\System32\WindowsPowerShell\v1.0;C:\Windows\System32\OpenSSH;C:\Program Files\Microsoft SQL Server\130\Tools\Binn;C:\Program Files\Microsoft SQL Server\Client SDK\ODBC\170\Tools\Binn;C:\Program Files\Microsoft SQL Server\Client SDK\ODBC\110\Tools\Binn;C:\Program Files (x86)\Microsoft SQL Server\120\Tools\Binn\ManagementStudio;C:\Program Files (x86)\Microsoft SQL Server\120\Tools\Binn;C:\Program Files\Microsoft SQL Server\120\Tools\Binn;C:\Program Files (x86)\Microsoft SQL Server\120\DTS\Binn;C:\Program Files\Microsoft SQL Server\120\DTS\Binn;C:\Program Files (x86)\Microsoft SQL Server\150\DTS\Binn;C:\Program Files\nodejs;C:\Program Files\dotnet;C:\Program Files (x86)\Yarn\bin;C:\Program Files\Git\cmd;C:\Users\Sync\.cargo\bin;C:\Users\Sync\AppData\Local\Microsoft\WindowsApps;C:\Users\Sync\.dotnet\tools;C:\Users\Sync\AppData\Roaming\npm;C:\Users\Sync\AppData\Local\Programs\Microsoft VS Code\bin;C:\Users\Sync\.dotnet\tools;C:\Users\Sync\AppData\Local\Yarn\bin;C:\Program Files\MongoDB\Server\4.4\bin;C:\Users\Sync\AppData\Local\GitHubDesktop\bin;E:\Program Files\heroku\bin;C:\Program Files\Git\usr\bin\vendor_perl;C:\Program Files\Git\usr\bin\core_perl

Yarn version: 
  1.22.5

Node version: 
  12.18.0

Platform: 
  win32 x64

Trace: 
  SyntaxError: E:\electron-apps\resume-creater\package.json: Unexpected token / in JSON at position 114
      at JSON.parse (<anonymous>)
      at C:\Program Files (x86)\Yarn\lib\cli.js:1625:59
      at Generator.next (<anonymous>)
      at step (C:\Program Files (x86)\Yarn\lib\cli.js:310:30)
      at C:\Program Files (x86)\Yarn\lib\cli.js:321:13

npm manifest: 
  {
    "name": "resume-creator",
    "version": "1.0.0",
    "description": "",
    "main": "index.js",
    "scripts": {
      // "start": "electron ."
      "start": "node src/index.js"
  
    },
    "author": "arssheikh",
    "license": "ISC",
    "devDependencies": {
      "electron": "^12.0.2"
    },
    "dependencies": {
      "express": "^4.17.1"
    }
  }

yarn manifest: 
  No manifest

Lockfile: 
  No lockfile
